2017-12-28 10:26:00.7731|1|Microsoft.AspNetCore.Hosting.Internal.WebHost|INFO|Request starting HTTP/1.1 GET http://localhost:58513/swagger   
2017-12-28 10:26:00.9699|2|Microsoft.AspNetCore.Hosting.Internal.WebHost|INFO|Request finished in 221.5677ms 301  
2017-12-28 10:26:00.9890|1|Microsoft.AspNetCore.Hosting.Internal.WebHost|INFO|Request starting HTTP/1.1 GET http://localhost:58513/swagger/   
2017-12-28 10:26:01.0117|2|Microsoft.AspNetCore.StaticFiles.StaticFileMiddleware|INFO|Sending file. Request path: '/index.html'. Physical path: 'N/A' 
2017-12-28 10:26:01.0246|2|Microsoft.AspNetCore.Hosting.Internal.WebHost|INFO|Request finished in 30.6352ms 200 text/html 
2017-12-28 10:26:01.1849|1|Microsoft.AspNetCore.Hosting.Internal.WebHost|INFO|Request starting HTTP/1.1 GET http://localhost:58513/swagger/css/screen.css   
2017-12-28 10:26:01.2228|1|Microsoft.AspNetCore.Hosting.Internal.WebHost|INFO|Request starting HTTP/1.1 GET http://localhost:58513/swagger/css/reset.css   
2017-12-28 10:26:01.2609|1|Microsoft.AspNetCore.Hosting.Internal.WebHost|INFO|Request starting HTTP/1.1 GET http://localhost:58513/swagger/lib/jquery.slideto.min.js   
2017-12-28 10:26:01.2890|2|Microsoft.AspNetCore.StaticFiles.StaticFileMiddleware|INFO|Sending file. Request path: '/css/screen.css'. Physical path: 'N/A' 
2017-12-28 10:26:01.3124|1|Microsoft.AspNetCore.Hosting.Internal.WebHost|INFO|Request starting HTTP/1.1 GET http://localhost:58513/swagger/css/typography.css   
2017-12-28 10:26:01.3464|2|Microsoft.AspNetCore.StaticFiles.StaticFileMiddleware|INFO|Sending file. Request path: '/css/reset.css'. Physical path: 'N/A' 
2017-12-28 10:26:01.3824|2|Microsoft.AspNetCore.StaticFiles.StaticFileMiddleware|INFO|Sending file. Request path: '/lib/jquery.slideto.min.js'. Physical path: 'N/A' 
2017-12-28 10:26:01.4045|2|Microsoft.AspNetCore.StaticFiles.StaticFileMiddleware|INFO|Sending file. Request path: '/css/typography.css'. Physical path: 'N/A' 
2017-12-28 10:26:01.4215|2|Microsoft.AspNetCore.Hosting.Internal.WebHost|INFO|Request finished in 152.19ms 200 text/css 
2017-12-28 10:26:01.4290|2|Microsoft.AspNetCore.Hosting.Internal.WebHost|INFO|Request finished in 237.1341ms 200 text/css 
2017-12-28 10:26:01.4290|2|Microsoft.AspNetCore.Hosting.Internal.WebHost|INFO|Request finished in 221.9618ms 200 text/css 
2017-12-28 10:26:01.4496|1|Microsoft.AspNetCore.Hosting.Internal.WebHost|INFO|Request starting HTTP/1.1 GET http://localhost:58513/swagger/lib/jquery.wiggle.min.js   
2017-12-28 10:26:01.4550|2|Microsoft.AspNetCore.Hosting.Internal.WebHost|INFO|Request finished in 210.8897ms 200 application/javascript 
2017-12-28 10:26:01.4550|2|Microsoft.AspNetCore.StaticFiles.StaticFileMiddleware|INFO|Sending file. Request path: '/lib/jquery.wiggle.min.js'. Physical path: 'N/A' 
2017-12-28 10:26:01.4883|1|Microsoft.AspNetCore.Hosting.Internal.WebHost|INFO|Request starting HTTP/1.1 GET http://localhost:58513/swagger/lib/jquery.ba-bbq.min.js   
2017-12-28 10:26:01.5026|1|Microsoft.AspNetCore.Hosting.Internal.WebHost|INFO|Request starting HTTP/1.1 GET http://localhost:58513/swagger/lib/handlebars-4.0.5.js   
2017-12-28 10:26:01.5026|2|Microsoft.AspNetCore.Hosting.Internal.WebHost|INFO|Request finished in 31.9083ms 200 application/javascript 
2017-12-28 10:26:01.5026|1|Microsoft.AspNetCore.Hosting.Internal.WebHost|INFO|Request starting HTTP/1.1 GET http://localhost:58513/swagger/lib/lodash.min.js   
2017-12-28 10:26:01.5026|2|Microsoft.AspNetCore.StaticFiles.StaticFileMiddleware|INFO|Sending file. Request path: '/lib/jquery.ba-bbq.min.js'. Physical path: 'N/A' 
2017-12-28 10:26:01.5580|1|Microsoft.AspNetCore.Hosting.Internal.WebHost|INFO|Request starting HTTP/1.1 GET http://localhost:58513/swagger/lib/backbone-min.js   
2017-12-28 10:26:01.5580|2|Microsoft.AspNetCore.StaticFiles.StaticFileMiddleware|INFO|Sending file. Request path: '/lib/handlebars-4.0.5.js'. Physical path: 'N/A' 
2017-12-28 10:26:01.5816|2|Microsoft.AspNetCore.Hosting.Internal.WebHost|INFO|Request finished in 72.7625ms 200 application/javascript 
2017-12-28 10:26:01.5816|2|Microsoft.AspNetCore.StaticFiles.StaticFileMiddleware|INFO|Sending file. Request path: '/lib/lodash.min.js'. Physical path: 'N/A' 
2017-12-28 10:26:01.6033|2|Microsoft.AspNetCore.Hosting.Internal.WebHost|INFO|Request finished in 108.3269ms 200 application/javascript 
2017-12-28 10:26:01.6506|1|Microsoft.AspNetCore.Hosting.Internal.WebHost|INFO|Request starting HTTP/1.1 GET http://localhost:58513/swagger/lib/highlight.9.1.0.pack.js   
2017-12-28 10:26:01.6506|1|Microsoft.AspNetCore.Hosting.Internal.WebHost|INFO|Request starting HTTP/1.1 GET http://localhost:58513/swagger/swagger-ui.min.js   
2017-12-28 10:26:01.6614|2|Microsoft.AspNetCore.StaticFiles.StaticFileMiddleware|INFO|Sending file. Request path: '/lib/highlight.9.1.0.pack.js'. Physical path: 'N/A' 
2017-12-28 10:26:01.6506|2|Microsoft.AspNetCore.StaticFiles.StaticFileMiddleware|INFO|Sending file. Request path: '/lib/backbone-min.js'. Physical path: 'N/A' 
2017-12-28 10:26:01.6614|2|Microsoft.AspNetCore.StaticFiles.StaticFileMiddleware|INFO|Sending file. Request path: '/swagger-ui.min.js'. Physical path: 'N/A' 
2017-12-28 10:26:01.6742|2|Microsoft.AspNetCore.Hosting.Internal.WebHost|INFO|Request finished in 125.7491ms 200 application/javascript 
2017-12-28 10:26:01.6742|2|Microsoft.AspNetCore.Hosting.Internal.WebHost|INFO|Request finished in 19.718ms 200 application/javascript 
2017-12-28 10:26:01.6742|1|Microsoft.AspNetCore.Hosting.Internal.WebHost|INFO|Request starting HTTP/1.1 GET http://localhost:58513/swagger/lib/object-assign-pollyfill.js   
2017-12-28 10:26:01.6968|2|Microsoft.AspNetCore.StaticFiles.StaticFileMiddleware|INFO|Sending file. Request path: '/lib/object-assign-pollyfill.js'. Physical path: 'N/A' 
2017-12-28 10:26:01.6968|1|Microsoft.AspNetCore.Hosting.Internal.WebHost|INFO|Request starting HTTP/1.1 GET http://localhost:58513/swagger/lib/highlight.9.1.0.pack_extended.js   
2017-12-28 10:26:01.7291|1|Microsoft.AspNetCore.Hosting.Internal.WebHost|INFO|Request starting HTTP/1.1 GET http://localhost:58513/swagger/lib/jquery-1.8.0.min.js   
2017-12-28 10:26:01.7291|2|Microsoft.AspNetCore.StaticFiles.StaticFileMiddleware|INFO|Sending file. Request path: '/lib/highlight.9.1.0.pack_extended.js'. Physical path: 'N/A' 
2017-12-28 10:26:01.7291|1|Microsoft.AspNetCore.Hosting.Internal.WebHost|INFO|Request starting HTTP/1.1 GET http://localhost:58513/swagger/lib/jsoneditor.min.js   
2017-12-28 10:26:01.7424|2|Microsoft.AspNetCore.Hosting.Internal.WebHost|INFO|Request finished in 42.1059ms 200 application/javascript 
2017-12-28 10:26:01.7424|2|Microsoft.AspNetCore.StaticFiles.StaticFileMiddleware|INFO|Sending file. Request path: '/lib/jquery-1.8.0.min.js'. Physical path: 'N/A' 
2017-12-28 10:26:01.7632|2|Microsoft.AspNetCore.Hosting.Internal.WebHost|INFO|Request finished in 16.417ms 200 application/javascript 
2017-12-28 10:26:01.7962|2|Microsoft.AspNetCore.Hosting.Internal.WebHost|INFO|Request finished in 284.0143ms 200 application/javascript 
2017-12-28 10:26:01.8198|1|Microsoft.AspNetCore.Hosting.Internal.WebHost|INFO|Request starting HTTP/1.1 GET http://localhost:58513/swagger/lib/marked.js   
2017-12-28 10:26:01.8198|2|Microsoft.AspNetCore.StaticFiles.StaticFileMiddleware|INFO|Sending file. Request path: '/lib/jsoneditor.min.js'. Physical path: 'N/A' 
2017-12-28 10:26:01.8198|1|Microsoft.AspNetCore.Hosting.Internal.WebHost|INFO|Request starting HTTP/1.1 GET http://localhost:58513/swagger/lib/swagger-oauth.js   
2017-12-28 10:26:01.8198|2|Microsoft.AspNetCore.StaticFiles.StaticFileMiddleware|INFO|Sending file. Request path: '/lib/marked.js'. Physical path: 'N/A' 
2017-12-28 10:26:01.8706|2|Microsoft.AspNetCore.StaticFiles.StaticFileMiddleware|INFO|Sending file. Request path: '/lib/swagger-oauth.js'. Physical path: 'N/A' 
2017-12-28 10:26:01.9050|2|Microsoft.AspNetCore.Hosting.Internal.WebHost|INFO|Request finished in 131.6106ms 200 application/javascript 
2017-12-28 10:26:01.9269|2|Microsoft.AspNetCore.Hosting.Internal.WebHost|INFO|Request finished in 122.8771ms 200 application/javascript 
2017-12-28 10:26:01.9269|2|Microsoft.AspNetCore.Hosting.Internal.WebHost|INFO|Request finished in 41.7217ms 200 application/javascript 
2017-12-28 10:26:01.9418|2|Microsoft.AspNetCore.Hosting.Internal.WebHost|INFO|Request finished in 149.5469ms 200 application/javascript 
2017-12-28 10:26:01.9903|1|Microsoft.AspNetCore.Hosting.Internal.WebHost|INFO|Request starting HTTP/1.1 GET http://localhost:58513/swagger/images/logo_small.png   
2017-12-28 10:26:02.0031|2|Microsoft.AspNetCore.Hosting.Internal.WebHost|INFO|Request finished in 334.3002ms 200 application/javascript 
2017-12-28 10:26:02.0031|2|Microsoft.AspNetCore.StaticFiles.StaticFileMiddleware|INFO|Sending file. Request path: '/images/logo_small.png'. Physical path: 'N/A' 
2017-12-28 10:26:02.0569|1|Microsoft.AspNetCore.Hosting.Internal.WebHost|INFO|Request starting HTTP/1.1 GET http://localhost:58513/swagger/css/print.css   
2017-12-28 10:26:02.0569|2|Microsoft.AspNetCore.Hosting.Internal.WebHost|INFO|Request finished in 56.0804ms 200 image/png 
2017-12-28 10:26:02.0796|2|Microsoft.AspNetCore.StaticFiles.StaticFileMiddleware|INFO|Sending file. Request path: '/css/print.css'. Physical path: 'N/A' 
2017-12-28 10:26:02.0918|2|Microsoft.AspNetCore.Hosting.Internal.WebHost|INFO|Request finished in 34.8049ms 200 text/css 
2017-12-28 10:26:02.2379|1|Microsoft.AspNetCore.Hosting.Internal.WebHost|INFO|Request starting HTTP/1.1 GET http://localhost:58513/swagger/v1/swagger.json   
2017-12-28 10:26:02.2967|1|Microsoft.AspNetCore.Hosting.Internal.WebHost|INFO|Request starting HTTP/1.1 GET http://localhost:58513/swagger/images/favicon-32x32.png   
2017-12-28 10:26:02.3020|2|Microsoft.AspNetCore.StaticFiles.StaticFileMiddleware|INFO|Sending file. Request path: '/images/favicon-32x32.png'. Physical path: 'N/A' 
2017-12-28 10:26:02.3020|2|Microsoft.AspNetCore.Hosting.Internal.WebHost|INFO|Request finished in 11.9494ms 200 image/png 
2017-12-28 10:26:02.3177|1|Microsoft.AspNetCore.Hosting.Internal.WebHost|INFO|Request starting HTTP/1.1 GET http://localhost:58513/swagger/images/favicon-16x16.png   
2017-12-28 10:26:02.3177|2|Microsoft.AspNetCore.StaticFiles.StaticFileMiddleware|INFO|Sending file. Request path: '/images/favicon-16x16.png'. Physical path: 'N/A' 
2017-12-28 10:26:02.3177|2|Microsoft.AspNetCore.Hosting.Internal.WebHost|INFO|Request finished in 8.5855ms 200 image/png 
2017-12-28 10:26:02.7289|2|Microsoft.AspNetCore.Hosting.Internal.WebHost|INFO|Request finished in 490.8243ms 200 application/json 
2017-12-28 10:26:04.4717|1|Microsoft.AspNetCore.Hosting.Internal.WebHost|INFO|Request starting HTTP/1.1 GET http://localhost:58513/swagger/images/throbber.gif   
2017-12-28 10:26:04.4717|2|Microsoft.AspNetCore.StaticFiles.StaticFileMiddleware|INFO|Sending file. Request path: '/images/throbber.gif'. Physical path: 'N/A' 
2017-12-28 10:26:04.4717|2|Microsoft.AspNetCore.Hosting.Internal.WebHost|INFO|Request finished in 7.5976ms 200 image/gif 
2017-12-28 10:26:23.8856|1|Microsoft.AspNetCore.Hosting.Internal.WebHost|INFO|Request starting HTTP/1.1 POST http://localhost:58513/api/MOMTSms/SentMT application/json-patch+json 303 
2017-12-28 10:26:23.8856|4|Microsoft.AspNetCore.Cors.Infrastructure.CorsService|INFO|Policy execution successful. 
2017-12-28 10:26:24.1842|1|Microsoft.AspNetCore.Mvc.Internal.ControllerActionInvoker|INFO|Executing action method SMSGateway.Controllers.MOMTSmsController.SentMT (SMSGateway) with arguments () - ModelState is Invalid 
2017-12-28 10:26:24.2268|0|SMSGateway.Controllers.MOMTSmsController|INFO|request invalid >> request: null 
2017-12-28 10:26:24.2451|1|Microsoft.AspNetCore.Mvc.Internal.ObjectResultExecutor|INFO|Executing ObjectResult, writing value Microsoft.AspNetCore.Mvc.ControllerContext. 
2017-12-28 10:26:24.2601|2|Microsoft.AspNetCore.Mvc.Internal.ControllerActionInvoker|INFO|Executed action SMSGateway.Controllers.MOMTSmsController.SentMT (SMSGateway) in 233.8048ms 
2017-12-28 10:26:24.2601|2|Microsoft.AspNetCore.Hosting.Internal.WebHost|INFO|Request finished in 380.3733ms 200 application/json; charset=utf-8 
2017-12-28 10:27:08.7535|1|Microsoft.AspNetCore.Hosting.Internal.WebHost|INFO|Request starting HTTP/1.1 POST http://localhost:58513/api/MOMTSms/SentMT application/json-patch+json 303 
2017-12-28 10:27:08.7535|4|Microsoft.AspNetCore.Cors.Infrastructure.CorsService|INFO|Policy execution successful. 
2017-12-28 10:27:14.4701|1|Microsoft.AspNetCore.Mvc.Internal.ControllerActionInvoker|INFO|Executing action method SMSGateway.Controllers.MOMTSmsController.SentMT (SMSGateway) with arguments () - ModelState is Invalid 
2017-12-28 10:27:54.8621|22|Microsoft.AspNetCore.Server.Kestrel|WARN|Heartbeat took longer than "00:00:01" at "12/28/2017 03:27:11 +00:00". 
2017-12-28 10:27:54.8865|0|SMSGateway.Controllers.MOMTSmsController|INFO|request invalid >> request: null 
2017-12-28 10:28:01.1111|1|Microsoft.AspNetCore.Mvc.Internal.ObjectResultExecutor|INFO|Executing ObjectResult, writing value Microsoft.AspNetCore.Mvc.ControllerContext. 
2017-12-28 10:28:01.1111|2|Microsoft.AspNetCore.Mvc.Internal.ControllerActionInvoker|INFO|Executed action SMSGateway.Controllers.MOMTSmsController.SentMT (SMSGateway) in 52315.0259ms 
2017-12-28 10:28:01.1111|2|Microsoft.AspNetCore.Hosting.Internal.WebHost|INFO|Request finished in 52397.5374ms 200 application/json; charset=utf-8 
2017-12-28 10:29:03.1722|1|Microsoft.AspNetCore.Hosting.Internal.WebHost|INFO|Request starting HTTP/1.1 POST http://localhost:58513/api/MOMTSms/SentMT application/json-patch+json 303 
2017-12-28 10:29:03.1757|4|Microsoft.AspNetCore.Cors.Infrastructure.CorsService|INFO|Policy execution successful. 
2017-12-28 10:29:06.4938|1|Microsoft.AspNetCore.Mvc.Internal.ControllerActionInvoker|INFO|Executing action method SMSGateway.Controllers.MOMTSmsController.SentMT (SMSGateway) with arguments () - ModelState is Invalid 
2017-12-28 10:29:16.1584|0|SMSGateway.Controllers.MOMTSmsController|INFO|request invalid >> request: null 
2017-12-28 10:29:16.1631|1|Microsoft.AspNetCore.Mvc.Internal.ObjectResultExecutor|INFO|Executing ObjectResult, writing value Microsoft.AspNetCore.Mvc.ControllerContext. 
2017-12-28 10:29:16.1770|2|Microsoft.AspNetCore.Mvc.Internal.ControllerActionInvoker|INFO|Executed action SMSGateway.Controllers.MOMTSmsController.SentMT (SMSGateway) in 12981.7505ms 
2017-12-28 10:29:16.1770|2|Microsoft.AspNetCore.Hosting.Internal.WebHost|INFO|Request finished in 13008.4511ms 200 application/json; charset=utf-8 
2017-12-28 10:29:20.6015|1|Microsoft.AspNetCore.Hosting.Internal.WebHost|INFO|Request starting HTTP/1.1 POST http://localhost:58513/api/MOMTSms/SentMT application/json 303 
2017-12-28 10:29:20.6015|4|Microsoft.AspNetCore.Cors.Infrastructure.CorsService|INFO|Policy execution successful. 
2017-12-28 10:29:20.6377|1|Microsoft.AspNetCore.Mvc.Internal.ControllerActionInvoker|INFO|Executing action method SMSGateway.Controllers.MOMTSmsController.SentMT (SMSGateway) with arguments () - ModelState is Invalid 
2017-12-28 10:29:37.6024|0|SMSGateway.Controllers.MOMTSmsController|INFO|request invalid >> request: null 
2017-12-28 10:29:37.6231|1|Microsoft.AspNetCore.Mvc.Internal.ObjectResultExecutor|INFO|Executing ObjectResult, writing value Microsoft.AspNetCore.Mvc.ControllerContext. 
2017-12-28 10:29:37.6231|2|Microsoft.AspNetCore.Mvc.Internal.ControllerActionInvoker|INFO|Executed action SMSGateway.Controllers.MOMTSmsController.SentMT (SMSGateway) in 17017.2315ms 
2017-12-28 10:29:37.6386|2|Microsoft.AspNetCore.Hosting.Internal.WebHost|INFO|Request finished in 17038.9126ms 200 application/json; charset=utf-8 
2017-12-28 10:30:02.6869|1|Microsoft.AspNetCore.Hosting.Internal.WebHost|INFO|Request starting HTTP/1.1 POST http://localhost:58513/api/Account/Register application/json-patch+json 101 
2017-12-28 10:30:02.6914|4|Microsoft.AspNetCore.Cors.Infrastructure.CorsService|INFO|Policy execution successful. 
2017-12-28 10:30:02.7794|1|Microsoft.AspNetCore.Mvc.Internal.ControllerActionInvoker|INFO|Executing action method ShoppinOnline.Controllers.AccountController.Register (SMSGateway) with arguments (DAL.Model.Account) - ModelState is Valid 
2017-12-28 10:30:38.3751|0|ShoppinOnline.Controllers.AccountController|INFO|123454 
2017-12-28 10:30:44.9408|1|Microsoft.AspNetCore.Mvc.Internal.ObjectResultExecutor|INFO|Executing ObjectResult, writing value Microsoft.AspNetCore.Mvc.ControllerContext. 
2017-12-28 10:30:44.9599|2|Microsoft.AspNetCore.Mvc.Internal.ControllerActionInvoker|INFO|Executed action ShoppinOnline.Controllers.AccountController.Register (SMSGateway) in 42226.0629ms 
2017-12-28 10:30:44.9599|2|Microsoft.AspNetCore.Hosting.Internal.WebHost|INFO|Request finished in 42278.0985ms 200 application/json; charset=utf-8 
2017-12-28 10:32:50.8412|1|Microsoft.AspNetCore.Hosting.Internal.WebHost|INFO|Request starting HTTP/1.1 GET http://localhost:58513/swagger/   
2017-12-28 10:32:51.0452|2|Microsoft.AspNetCore.StaticFiles.StaticFileMiddleware|INFO|Sending file. Request path: '/index.html'. Physical path: 'N/A' 
2017-12-28 10:32:51.1630|2|Microsoft.AspNetCore.Hosting.Internal.WebHost|INFO|Request finished in 256.74ms 200 text/html 
2017-12-28 10:32:51.6325|1|Microsoft.AspNetCore.Hosting.Internal.WebHost|INFO|Request starting HTTP/1.1 GET http://localhost:58513/swagger/v1/swagger.json   
2017-12-28 10:32:52.1318|2|Microsoft.AspNetCore.Hosting.Internal.WebHost|INFO|Request finished in 498.8514ms 200 application/json 
2017-12-28 10:32:59.8755|1|Microsoft.AspNetCore.Hosting.Internal.WebHost|INFO|Request starting HTTP/1.1 POST http://localhost:58513/api/MOMTSms/SentMT application/json-patch+json 303 
2017-12-28 10:32:59.8812|4|Microsoft.AspNetCore.Cors.Infrastructure.CorsService|INFO|Policy execution successful. 
2017-12-28 10:33:00.1337|1|Microsoft.AspNetCore.Mvc.Internal.ControllerActionInvoker|INFO|Executing action method SMSGateway.Controllers.MOMTSmsController.SentMT (SMSGateway) with arguments () - ModelState is Invalid 
2017-12-28 10:34:20.4653|0|SMSGateway.Controllers.MOMTSmsController|INFO|request invalid >> request: null 
2017-12-28 10:34:20.5026|1|Microsoft.AspNetCore.Mvc.Internal.ObjectResultExecutor|INFO|Executing ObjectResult, writing value Microsoft.AspNetCore.Mvc.ControllerContext. 
2017-12-28 10:34:20.5147|2|Microsoft.AspNetCore.Mvc.Internal.ControllerActionInvoker|INFO|Executed action SMSGateway.Controllers.MOMTSmsController.SentMT (SMSGateway) in 80520.5037ms 
2017-12-28 10:34:20.5269|2|Microsoft.AspNetCore.Hosting.Internal.WebHost|INFO|Request finished in 80651.7614ms 200 application/json; charset=utf-8 
2017-12-28 10:36:01.2242|1|Microsoft.AspNetCore.Hosting.Internal.WebHost|INFO|Request starting HTTP/1.1 POST http://localhost:58513/api/Account/Register application/json-patch+json 101 
2017-12-28 10:36:01.2242|4|Microsoft.AspNetCore.Cors.Infrastructure.CorsService|INFO|Policy execution successful. 
2017-12-28 10:36:01.2975|1|Microsoft.AspNetCore.Mvc.Internal.ControllerActionInvoker|INFO|Executing action method ShoppinOnline.Controllers.AccountController.Register (SMSGateway) with arguments (DAL.Model.Account) - ModelState is Valid 
2017-12-28 10:36:13.5728|1|Microsoft.AspNetCore.Mvc.Internal.ObjectResultExecutor|INFO|Executing ObjectResult, writing value Microsoft.AspNetCore.Mvc.ControllerContext. 
2017-12-28 10:36:13.5896|2|Microsoft.AspNetCore.Mvc.Internal.ControllerActionInvoker|INFO|Executed action ShoppinOnline.Controllers.AccountController.Register (SMSGateway) in 12335.2696ms 
2017-12-28 10:36:13.5986|2|Microsoft.AspNetCore.Hosting.Internal.WebHost|INFO|Request finished in 12369.4931ms 200 application/json; charset=utf-8 
2017-12-28 10:41:18.3960|1|Microsoft.AspNetCore.Hosting.Internal.WebHost|INFO|Request starting HTTP/1.1 GET http://localhost:58513/swagger/   
2017-12-28 10:41:18.6084|2|Microsoft.AspNetCore.StaticFiles.StaticFileMiddleware|INFO|Sending file. Request path: '/index.html'. Physical path: 'N/A' 
2017-12-28 10:41:18.7186|2|Microsoft.AspNetCore.Hosting.Internal.WebHost|INFO|Request finished in 279.5602ms 200 text/html 
2017-12-28 10:41:19.1571|1|Microsoft.AspNetCore.Hosting.Internal.WebHost|INFO|Request starting HTTP/1.1 GET http://localhost:58513/swagger/v1/swagger.json   
2017-12-28 10:41:19.6313|2|Microsoft.AspNetCore.Hosting.Internal.WebHost|INFO|Request finished in 473.7999ms 200 application/json 
2017-12-28 10:42:26.2299|1|Microsoft.AspNetCore.Hosting.Internal.WebHost|INFO|Request starting HTTP/1.1 POST http://localhost:58513/api/MOMTSms/SentMT application/json-patch+json 282 
2017-12-28 10:42:26.2299|4|Microsoft.AspNetCore.Cors.Infrastructure.CorsService|INFO|Policy execution successful. 
2017-12-28 10:42:26.5116|1|Microsoft.AspNetCore.Mvc.Internal.ControllerActionInvoker|INFO|Executing action method SMSGateway.Controllers.MOMTSmsController.SentMT (SMSGateway) with arguments (SMSGateway.Model.Request.SendMTRequest) - ModelState is Valid 
2017-12-28 10:42:42.8713|0|SMSGateway.Controllers.MOMTSmsController|INFO|request invalid >> request: {"Partner_code":"string","User_id":"string","Message":"string","Service_id":"string","Command_code":"string","Request_id":"string","Message_index":0,"Mt_end":0,"Total_message":0,"Content_type":0,"Reference_id":0,"Signature":"string"} 
2017-12-28 10:42:42.9076|1|Microsoft.AspNetCore.Mvc.Internal.ObjectResultExecutor|INFO|Executing ObjectResult, writing value Microsoft.AspNetCore.Mvc.ControllerContext. 
2017-12-28 10:42:42.9206|2|Microsoft.AspNetCore.Mvc.Internal.ControllerActionInvoker|INFO|Executed action SMSGateway.Controllers.MOMTSmsController.SentMT (SMSGateway) in 16564.1983ms 
2017-12-28 10:42:42.9337|2|Microsoft.AspNetCore.Hosting.Internal.WebHost|INFO|Request finished in 16704.3177ms 200 application/json; charset=utf-8 
2017-12-28 16:48:39.3005|1|Microsoft.AspNetCore.Hosting.Internal.WebHost|INFO|Request starting HTTP/1.1 GET http://localhost:58513/swagger/   
2017-12-28 16:48:39.5100|2|Microsoft.AspNetCore.StaticFiles.StaticFileMiddleware|INFO|Sending file. Request path: '/index.html'. Physical path: 'N/A' 
2017-12-28 16:48:39.5620|2|Microsoft.AspNetCore.Hosting.Internal.WebHost|INFO|Request finished in 275.7201ms 200 text/html 
2017-12-28 16:48:40.2171|1|Microsoft.AspNetCore.Hosting.Internal.WebHost|INFO|Request starting HTTP/1.1 GET http://localhost:58513/swagger/v1/swagger.json   
2017-12-28 16:48:40.7725|2|Microsoft.AspNetCore.Hosting.Internal.WebHost|INFO|Request finished in 560.1704ms 200 application/json 
2017-12-28 16:48:49.7467|1|Microsoft.AspNetCore.Hosting.Internal.WebHost|INFO|Request starting HTTP/1.1 POST http://localhost:58513/api/MOMTSms/SentMT application/json-patch+json 303 
2017-12-28 16:48:49.7467|4|Microsoft.AspNetCore.Cors.Infrastructure.CorsService|INFO|Policy execution successful. 
2017-12-28 16:48:50.1108|1|Microsoft.AspNetCore.Mvc.Internal.ControllerActionInvoker|INFO|Executing action method SMSGateway.Controllers.MOMTSmsController.SentMT (SMSGateway) with arguments () - ModelState is Invalid 
2017-12-28 17:24:34.7216|0|SMSGateway.Controllers.MOMTSmsController|INFO|request invalid >> request: null 
2017-12-28 17:24:34.7216|22|Microsoft.AspNetCore.Server.Kestrel|WARN|Heartbeat took longer than "00:00:01" at "12/28/2017 09:49:28 +00:00". 
2017-12-28 17:24:34.7801|1|Microsoft.AspNetCore.Mvc.Internal.ObjectResultExecutor|INFO|Executing ObjectResult, writing value Microsoft.AspNetCore.Mvc.ControllerContext. 
2017-12-28 17:24:34.7968|2|Microsoft.AspNetCore.Mvc.Internal.ControllerActionInvoker|INFO|Executed action SMSGateway.Controllers.MOMTSmsController.SentMT (SMSGateway) in 2144890.2968ms 
2017-12-28 17:24:34.8771|1|Microsoft.AspNetCore.Session.SessionMiddleware|ERROR|Error closing the session. The operation was canceled.
2017-12-28 17:24:34.8867|2|Microsoft.AspNetCore.Hosting.Internal.WebHost|INFO|Request finished in 2145140.6054ms 200 application/json; charset=utf-8 
2017-12-28 17:25:14.0377|1|Microsoft.AspNetCore.Hosting.Internal.WebHost|INFO|Request starting HTTP/1.1 GET http://localhost:58513/swagger/   
2017-12-28 17:25:14.3050|2|Microsoft.AspNetCore.StaticFiles.StaticFileMiddleware|INFO|Sending file. Request path: '/index.html'. Physical path: 'N/A' 
2017-12-28 17:25:14.4588|2|Microsoft.AspNetCore.Hosting.Internal.WebHost|INFO|Request finished in 328.0043ms 200 text/html 
2017-12-28 17:25:14.9639|1|Microsoft.AspNetCore.Hosting.Internal.WebHost|INFO|Request starting HTTP/1.1 GET http://localhost:58513/swagger/v1/swagger.json   
2017-12-28 17:25:15.5618|2|Microsoft.AspNetCore.Hosting.Internal.WebHost|INFO|Request finished in 596.4461ms 200 application/json 
2017-12-28 17:25:20.8218|1|Microsoft.AspNetCore.Hosting.Internal.WebHost|INFO|Request starting HTTP/1.1 POST http://localhost:58513/api/MOMTSms/SentMT application/json-patch+json 303 
2017-12-28 17:25:20.8218|4|Microsoft.AspNetCore.Cors.Infrastructure.CorsService|INFO|Policy execution successful. 
2017-12-28 17:25:21.1166|1|Microsoft.AspNetCore.Mvc.Internal.ControllerActionInvoker|INFO|Executing action method SMSGateway.Controllers.MOMTSmsController.SentMT (SMSGateway) with arguments () - ModelState is Invalid 
2017-12-28 17:25:29.7956|0|SMSGateway.Controllers.MOMTSmsController|INFO|request invalid >> request: null 
2017-12-28 17:25:29.8106|1|Microsoft.AspNetCore.Mvc.Internal.ObjectResultExecutor|INFO|Executing ObjectResult, writing value Microsoft.AspNetCore.Mvc.ControllerContext. 
2017-12-28 17:25:29.8340|2|Microsoft.AspNetCore.Mvc.Internal.ControllerActionInvoker|INFO|Executed action SMSGateway.Controllers.MOMTSmsController.SentMT (SMSGateway) in 8866.1604ms 
2017-12-28 17:25:29.8340|2|Microsoft.AspNetCore.Hosting.Internal.WebHost|INFO|Request finished in 9018.9323ms 200 application/json; charset=utf-8 
