2018-01-02 17:28:21.3040|6|Microsoft.AspNetCore.Hosting.Internal.WebHost|FATAL|Application startup exception Could not find file 'S:\Project\1fintech\Pay1Fintech\Pay1Fintech\bin\Debug\netcoreapp2.0\Pay1Fintech.xml'.
2018-01-02 17:28:21.8437|1|Microsoft.AspNetCore.Hosting.Internal.WebHost|INFO|Request starting HTTP/1.1 GET http://localhost:58513/swagger/   
2018-01-02 17:28:21.9779|2|Microsoft.AspNetCore.Hosting.Internal.WebHost|INFO|Request finished in 168.0822ms 500 text/html; charset=utf-8 
2018-01-02 17:28:22.3671|1|Microsoft.AspNetCore.Hosting.Internal.WebHost|INFO|Request starting HTTP/1.1 GET http://localhost:58513/favicon.ico   
2018-01-02 17:28:22.4078|2|Microsoft.AspNetCore.Hosting.Internal.WebHost|INFO|Request finished in 40.7059ms 500 text/html; charset=utf-8 
2018-01-02 17:29:43.7699|6|Microsoft.AspNetCore.Hosting.Internal.WebHost|FATAL|Application startup exception Could not find file 'S:\Project\1fintech\Pay1Fintech\Pay1Fintech\bin\Debug\netcoreapp2.0\Pay1Fintech.xml'.
2018-01-02 17:29:44.2171|1|Microsoft.AspNetCore.Hosting.Internal.WebHost|INFO|Request starting HTTP/1.1 GET http://localhost:58513/swagger/   
2018-01-02 17:29:44.2838|2|Microsoft.AspNetCore.Hosting.Internal.WebHost|INFO|Request finished in 87.4189ms 500 text/html; charset=utf-8 
2018-01-02 17:29:44.6598|1|Microsoft.AspNetCore.Hosting.Internal.WebHost|INFO|Request starting HTTP/1.1 GET http://localhost:58513/favicon.ico   
2018-01-02 17:29:44.6979|2|Microsoft.AspNetCore.Hosting.Internal.WebHost|INFO|Request finished in 45.9067ms 500 text/html; charset=utf-8 
2018-01-02 17:37:04.1491|1|Microsoft.AspNetCore.Hosting.Internal.WebHost|INFO|Request starting HTTP/1.1 GET http://localhost:58513/swagger/   
2018-01-02 17:37:04.3220|2|Microsoft.AspNetCore.StaticFiles.StaticFileMiddleware|INFO|Sending file. Request path: '/index.html'. Physical path: 'N/A' 
2018-01-02 17:37:04.3701|2|Microsoft.AspNetCore.Hosting.Internal.WebHost|INFO|Request finished in 225.3027ms 200 text/html 
2018-01-02 17:37:04.8005|1|Microsoft.AspNetCore.Hosting.Internal.WebHost|INFO|Request starting HTTP/1.1 GET http://localhost:58513/swagger/v1/swagger.json   
2018-01-02 17:37:05.1753|2|Microsoft.AspNetCore.Hosting.Internal.WebHost|INFO|Request finished in 374.3009ms 200 application/json 
2018-01-02 17:37:10.2513|1|Microsoft.AspNetCore.Hosting.Internal.WebHost|INFO|Request starting HTTP/1.1 POST http://localhost:58513/api/Account/Register application/json-patch+json 101 
2018-01-02 17:37:10.2553|4|Microsoft.AspNetCore.Cors.Infrastructure.CorsService|INFO|Policy execution successful. 
2018-01-02 17:37:10.5853|1|Microsoft.AspNetCore.Mvc.Internal.ControllerActionInvoker|INFO|Executing action method Pay1Fintech.Controllers.AccountController.Register (Pay1Fintech) with arguments (DAL.Model.Account) - ModelState is Valid 
2018-01-02 17:38:21.3263|1|Microsoft.AspNetCore.Mvc.Internal.ObjectResultExecutor|INFO|Executing ObjectResult, writing value Microsoft.AspNetCore.Mvc.ControllerContext. 
2018-01-02 17:38:21.3436|2|Microsoft.AspNetCore.Mvc.Internal.ControllerActionInvoker|INFO|Executed action Pay1Fintech.Controllers.AccountController.Register (Pay1Fintech) in 70959.2015ms 
2018-01-02 17:38:21.3702|2|Microsoft.AspNetCore.Hosting.Internal.WebHost|INFO|Request finished in 71117.8364ms 200 application/json; charset=utf-8 
